<?xml version="1.0" encoding="UTF-8"?>
<testsuite xmlns:xsi="http://www.w3.org/2001/XMLSchema-instance" xsi:noNamespaceSchemaLocation="https://maven.apache.org/surefire/maven-surefire-plugin/xsd/surefire-test-report-3.0.xsd" version="3.0" name="Etsy search feature" time="301.56" tests="4" errors="4" skipped="0" failures="0">
  <properties>
    <property name="java.specification.version" value="14"/>
    <property name="sun.jnu.encoding" value="UTF-8"/>
    <property name="java.class.path" value="/Users/aylinbekem/IdeaProjects/spring-2020-b18-cucumber-framework/target/test-classes:/Users/aylinbekem/IdeaProjects/spring-2020-b18-cucumber-framework/target/classes:/Users/aylinbekem/.m2/repository/io/cucumber/cucumber-java/6.2.2/cucumber-java-6.2.2.jar:/Users/aylinbekem/.m2/repository/io/cucumber/cucumber-core/6.2.2/cucumber-core-6.2.2.jar:/Users/aylinbekem/.m2/repository/io/cucumber/cucumber-gherkin/6.2.2/cucumber-gherkin-6.2.2.jar:/Users/aylinbekem/.m2/repository/io/cucumber/cucumber-gherkin-messages/6.2.2/cucumber-gherkin-messages-6.2.2.jar:/Users/aylinbekem/.m2/repository/io/cucumber/messages/12.2.0/messages-12.2.0.jar:/Users/aylinbekem/.m2/repository/io/cucumber/tag-expressions/3.0.0/tag-expressions-3.0.0.jar:/Users/aylinbekem/.m2/repository/io/cucumber/cucumber-expressions/10.2.1/cucumber-expressions-10.2.1.jar:/Users/aylinbekem/.m2/repository/io/cucumber/datatable/3.3.1/datatable-3.3.1.jar:/Users/aylinbekem/.m2/repository/io/cucumber/cucumber-plugin/6.2.2/cucumber-plugin-6.2.2.jar:/Users/aylinbekem/.m2/repository/io/cucumber/docstring/6.2.2/docstring-6.2.2.jar:/Users/aylinbekem/.m2/repository/io/cucumber/html-formatter/7.0.0/html-formatter-7.0.0.jar:/Users/aylinbekem/.m2/repository/org/apiguardian/apiguardian-api/1.1.0/apiguardian-api-1.1.0.jar:/Users/aylinbekem/.m2/repository/io/cucumber/cucumber-junit/6.2.2/cucumber-junit-6.2.2.jar:/Users/aylinbekem/.m2/repository/junit/junit/4.13/junit-4.13.jar:/Users/aylinbekem/.m2/repository/org/hamcrest/hamcrest-core/1.3/hamcrest-core-1.3.jar:/Users/aylinbekem/.m2/repository/org/seleniumhq/selenium/selenium-java/3.141.59/selenium-java-3.141.59.jar:/Users/aylinbekem/.m2/repository/org/seleniumhq/selenium/selenium-api/3.141.59/selenium-api-3.141.59.jar:/Users/aylinbekem/.m2/repository/org/seleniumhq/selenium/selenium-chrome-driver/3.141.59/selenium-chrome-driver-3.141.59.jar:/Users/aylinbekem/.m2/repository/org/seleniumhq/selenium/selenium-edge-driver/3.141.59/selenium-edge-driver-3.141.59.jar:/Users/aylinbekem/.m2/repository/org/seleniumhq/selenium/selenium-firefox-driver/3.141.59/selenium-firefox-driver-3.141.59.jar:/Users/aylinbekem/.m2/repository/org/seleniumhq/selenium/selenium-ie-driver/3.141.59/selenium-ie-driver-3.141.59.jar:/Users/aylinbekem/.m2/repository/org/seleniumhq/selenium/selenium-opera-driver/3.141.59/selenium-opera-driver-3.141.59.jar:/Users/aylinbekem/.m2/repository/org/seleniumhq/selenium/selenium-remote-driver/3.141.59/selenium-remote-driver-3.141.59.jar:/Users/aylinbekem/.m2/repository/org/seleniumhq/selenium/selenium-safari-driver/3.141.59/selenium-safari-driver-3.141.59.jar:/Users/aylinbekem/.m2/repository/org/seleniumhq/selenium/selenium-support/3.141.59/selenium-support-3.141.59.jar:/Users/aylinbekem/.m2/repository/net/bytebuddy/byte-buddy/1.8.15/byte-buddy-1.8.15.jar:/Users/aylinbekem/.m2/repository/org/apache/commons/commons-exec/1.3/commons-exec-1.3.jar:/Users/aylinbekem/.m2/repository/com/google/guava/guava/25.0-jre/guava-25.0-jre.jar:/Users/aylinbekem/.m2/repository/com/google/code/findbugs/jsr305/1.3.9/jsr305-1.3.9.jar:/Users/aylinbekem/.m2/repository/org/checkerframework/checker-compat-qual/2.0.0/checker-compat-qual-2.0.0.jar:/Users/aylinbekem/.m2/repository/com/google/errorprone/error_prone_annotations/2.1.3/error_prone_annotations-2.1.3.jar:/Users/aylinbekem/.m2/repository/com/google/j2objc/j2objc-annotations/1.1/j2objc-annotations-1.1.jar:/Users/aylinbekem/.m2/repository/org/codehaus/mojo/animal-sniffer-annotations/1.14/animal-sniffer-annotations-1.14.jar:/Users/aylinbekem/.m2/repository/com/squareup/okhttp3/okhttp/3.11.0/okhttp-3.11.0.jar:/Users/aylinbekem/.m2/repository/com/squareup/okio/okio/1.14.0/okio-1.14.0.jar:/Users/aylinbekem/.m2/repository/io/github/bonigarcia/webdrivermanager/4.0.0/webdrivermanager-4.0.0.jar:/Users/aylinbekem/.m2/repository/org/slf4j/slf4j-api/1.7.30/slf4j-api-1.7.30.jar:/Users/aylinbekem/.m2/repository/commons-io/commons-io/2.6/commons-io-2.6.jar:/Users/aylinbekem/.m2/repository/com/google/code/gson/gson/2.8.6/gson-2.8.6.jar:/Users/aylinbekem/.m2/repository/org/apache/commons/commons-lang3/3.10/commons-lang3-3.10.jar:/Users/aylinbekem/.m2/repository/org/apache/httpcomponents/client5/httpclient5/5.0/httpclient5-5.0.jar:/Users/aylinbekem/.m2/repository/org/apache/httpcomponents/core5/httpcore5/5.0/httpcore5-5.0.jar:/Users/aylinbekem/.m2/repository/org/apache/httpcomponents/core5/httpcore5-h2/5.0/httpcore5-h2-5.0.jar:/Users/aylinbekem/.m2/repository/commons-codec/commons-codec/1.13/commons-codec-1.13.jar:/Users/aylinbekem/.m2/repository/org/rauschig/jarchivelib/1.0.0/jarchivelib-1.0.0.jar:/Users/aylinbekem/.m2/repository/org/apache/commons/commons-compress/1.18/commons-compress-1.18.jar:/Users/aylinbekem/.m2/repository/org/jsoup/jsoup/1.13.1/jsoup-1.13.1.jar:/Users/aylinbekem/.m2/repository/com/github/javafaker/javafaker/1.0.2/javafaker-1.0.2.jar:/Users/aylinbekem/.m2/repository/org/yaml/snakeyaml/1.23/snakeyaml-1.23-android.jar:/Users/aylinbekem/.m2/repository/com/github/mifmif/generex/1.0.2/generex-1.0.2.jar:/Users/aylinbekem/.m2/repository/dk/brics/automaton/automaton/1.11-8/automaton-1.11-8.jar:"/>
    <property name="java.vm.vendor" value="Oracle Corporation"/>
    <property name="sun.arch.data.model" value="64"/>
    <property name="java.vendor.url" value="https://openjdk.java.net/"/>
    <property name="os.name" value="Mac OS X"/>
    <property name="java.vm.specification.version" value="14"/>
    <property name="sun.java.launcher" value="SUN_STANDARD"/>
    <property name="user.country" value="US"/>
    <property name="sun.boot.library.path" value="/usr/local/Cellar/openjdk/14.0.1/libexec/openjdk.jdk/Contents/Home/lib"/>
    <property name="sun.java.command" value="/Users/aylinbekem/IdeaProjects/spring-2020-b18-cucumber-framework/target/surefire/surefirebooter6090377734632286390.jar /Users/aylinbekem/IdeaProjects/spring-2020-b18-cucumber-framework/target/surefire 2020-08-01T18-36-43_733-jvmRun3 surefire17192792033070967839tmp surefire_013564898154358854941tmp"/>
    <property name="http.nonProxyHosts" value="local|*.local|169.254/16|*.169.254/16"/>
    <property name="jdk.debug" value="release"/>
    <property name="surefire.test.class.path" value="/Users/aylinbekem/IdeaProjects/spring-2020-b18-cucumber-framework/target/test-classes:/Users/aylinbekem/IdeaProjects/spring-2020-b18-cucumber-framework/target/classes:/Users/aylinbekem/.m2/repository/io/cucumber/cucumber-java/6.2.2/cucumber-java-6.2.2.jar:/Users/aylinbekem/.m2/repository/io/cucumber/cucumber-core/6.2.2/cucumber-core-6.2.2.jar:/Users/aylinbekem/.m2/repository/io/cucumber/cucumber-gherkin/6.2.2/cucumber-gherkin-6.2.2.jar:/Users/aylinbekem/.m2/repository/io/cucumber/cucumber-gherkin-messages/6.2.2/cucumber-gherkin-messages-6.2.2.jar:/Users/aylinbekem/.m2/repository/io/cucumber/messages/12.2.0/messages-12.2.0.jar:/Users/aylinbekem/.m2/repository/io/cucumber/tag-expressions/3.0.0/tag-expressions-3.0.0.jar:/Users/aylinbekem/.m2/repository/io/cucumber/cucumber-expressions/10.2.1/cucumber-expressions-10.2.1.jar:/Users/aylinbekem/.m2/repository/io/cucumber/datatable/3.3.1/datatable-3.3.1.jar:/Users/aylinbekem/.m2/repository/io/cucumber/cucumber-plugin/6.2.2/cucumber-plugin-6.2.2.jar:/Users/aylinbekem/.m2/repository/io/cucumber/docstring/6.2.2/docstring-6.2.2.jar:/Users/aylinbekem/.m2/repository/io/cucumber/html-formatter/7.0.0/html-formatter-7.0.0.jar:/Users/aylinbekem/.m2/repository/org/apiguardian/apiguardian-api/1.1.0/apiguardian-api-1.1.0.jar:/Users/aylinbekem/.m2/repository/io/cucumber/cucumber-junit/6.2.2/cucumber-junit-6.2.2.jar:/Users/aylinbekem/.m2/repository/junit/junit/4.13/junit-4.13.jar:/Users/aylinbekem/.m2/repository/org/hamcrest/hamcrest-core/1.3/hamcrest-core-1.3.jar:/Users/aylinbekem/.m2/repository/org/seleniumhq/selenium/selenium-java/3.141.59/selenium-java-3.141.59.jar:/Users/aylinbekem/.m2/repository/org/seleniumhq/selenium/selenium-api/3.141.59/selenium-api-3.141.59.jar:/Users/aylinbekem/.m2/repository/org/seleniumhq/selenium/selenium-chrome-driver/3.141.59/selenium-chrome-driver-3.141.59.jar:/Users/aylinbekem/.m2/repository/org/seleniumhq/selenium/selenium-edge-driver/3.141.59/selenium-edge-driver-3.141.59.jar:/Users/aylinbekem/.m2/repository/org/seleniumhq/selenium/selenium-firefox-driver/3.141.59/selenium-firefox-driver-3.141.59.jar:/Users/aylinbekem/.m2/repository/org/seleniumhq/selenium/selenium-ie-driver/3.141.59/selenium-ie-driver-3.141.59.jar:/Users/aylinbekem/.m2/repository/org/seleniumhq/selenium/selenium-opera-driver/3.141.59/selenium-opera-driver-3.141.59.jar:/Users/aylinbekem/.m2/repository/org/seleniumhq/selenium/selenium-remote-driver/3.141.59/selenium-remote-driver-3.141.59.jar:/Users/aylinbekem/.m2/repository/org/seleniumhq/selenium/selenium-safari-driver/3.141.59/selenium-safari-driver-3.141.59.jar:/Users/aylinbekem/.m2/repository/org/seleniumhq/selenium/selenium-support/3.141.59/selenium-support-3.141.59.jar:/Users/aylinbekem/.m2/repository/net/bytebuddy/byte-buddy/1.8.15/byte-buddy-1.8.15.jar:/Users/aylinbekem/.m2/repository/org/apache/commons/commons-exec/1.3/commons-exec-1.3.jar:/Users/aylinbekem/.m2/repository/com/google/guava/guava/25.0-jre/guava-25.0-jre.jar:/Users/aylinbekem/.m2/repository/com/google/code/findbugs/jsr305/1.3.9/jsr305-1.3.9.jar:/Users/aylinbekem/.m2/repository/org/checkerframework/checker-compat-qual/2.0.0/checker-compat-qual-2.0.0.jar:/Users/aylinbekem/.m2/repository/com/google/errorprone/error_prone_annotations/2.1.3/error_prone_annotations-2.1.3.jar:/Users/aylinbekem/.m2/repository/com/google/j2objc/j2objc-annotations/1.1/j2objc-annotations-1.1.jar:/Users/aylinbekem/.m2/repository/org/codehaus/mojo/animal-sniffer-annotations/1.14/animal-sniffer-annotations-1.14.jar:/Users/aylinbekem/.m2/repository/com/squareup/okhttp3/okhttp/3.11.0/okhttp-3.11.0.jar:/Users/aylinbekem/.m2/repository/com/squareup/okio/okio/1.14.0/okio-1.14.0.jar:/Users/aylinbekem/.m2/repository/io/github/bonigarcia/webdrivermanager/4.0.0/webdrivermanager-4.0.0.jar:/Users/aylinbekem/.m2/repository/org/slf4j/slf4j-api/1.7.30/slf4j-api-1.7.30.jar:/Users/aylinbekem/.m2/repository/commons-io/commons-io/2.6/commons-io-2.6.jar:/Users/aylinbekem/.m2/repository/com/google/code/gson/gson/2.8.6/gson-2.8.6.jar:/Users/aylinbekem/.m2/repository/org/apache/commons/commons-lang3/3.10/commons-lang3-3.10.jar:/Users/aylinbekem/.m2/repository/org/apache/httpcomponents/client5/httpclient5/5.0/httpclient5-5.0.jar:/Users/aylinbekem/.m2/repository/org/apache/httpcomponents/core5/httpcore5/5.0/httpcore5-5.0.jar:/Users/aylinbekem/.m2/repository/org/apache/httpcomponents/core5/httpcore5-h2/5.0/httpcore5-h2-5.0.jar:/Users/aylinbekem/.m2/repository/commons-codec/commons-codec/1.13/commons-codec-1.13.jar:/Users/aylinbekem/.m2/repository/org/rauschig/jarchivelib/1.0.0/jarchivelib-1.0.0.jar:/Users/aylinbekem/.m2/repository/org/apache/commons/commons-compress/1.18/commons-compress-1.18.jar:/Users/aylinbekem/.m2/repository/org/jsoup/jsoup/1.13.1/jsoup-1.13.1.jar:/Users/aylinbekem/.m2/repository/com/github/javafaker/javafaker/1.0.2/javafaker-1.0.2.jar:/Users/aylinbekem/.m2/repository/org/yaml/snakeyaml/1.23/snakeyaml-1.23-android.jar:/Users/aylinbekem/.m2/repository/com/github/mifmif/generex/1.0.2/generex-1.0.2.jar:/Users/aylinbekem/.m2/repository/dk/brics/automaton/automaton/1.11-8/automaton-1.11-8.jar:"/>
    <property name="sun.cpu.endian" value="little"/>
    <property name="user.home" value="/Users/aylinbekem"/>
    <property name="user.language" value="en"/>
    <property name="java.specification.vendor" value="Oracle Corporation"/>
    <property name="java.version.date" value="2020-04-14"/>
    <property name="java.home" value="/usr/local/Cellar/openjdk/14.0.1/libexec/openjdk.jdk/Contents/Home"/>
    <property name="file.separator" value="/"/>
    <property name="basedir" value="/Users/aylinbekem/IdeaProjects/spring-2020-b18-cucumber-framework"/>
    <property name="java.vm.compressedOopsMode" value="Zero based"/>
    <property name="line.separator" value="&#10;"/>
    <property name="java.specification.name" value="Java Platform API Specification"/>
    <property name="java.vm.specification.vendor" value="Oracle Corporation"/>
    <property name="surefire.real.class.path" value="/Users/aylinbekem/IdeaProjects/spring-2020-b18-cucumber-framework/target/surefire/surefirebooter6090377734632286390.jar"/>
    <property name="sun.management.compiler" value="HotSpot 64-Bit Tiered Compilers"/>
    <property name="ftp.nonProxyHosts" value="local|*.local|169.254/16|*.169.254/16"/>
    <property name="java.runtime.version" value="14.0.1+14"/>
    <property name="user.name" value="aylinbekem"/>
    <property name="path.separator" value=":"/>
    <property name="os.version" value="10.15.6"/>
    <property name="java.runtime.name" value="OpenJDK Runtime Environment"/>
    <property name="file.encoding" value="UTF-8"/>
    <property name="java.vm.name" value="OpenJDK 64-Bit Server VM"/>
    <property name="localRepository" value="/Users/aylinbekem/.m2/repository"/>
    <property name="cucumber.options" value="--tags@regression"/>
    <property name="java.vendor.url.bug" value="https://bugreport.java.com/bugreport/"/>
    <property name="java.io.tmpdir" value="/var/folders/m3/rs35tdl94klblr1y4_9zwt2r0000gn/T/"/>
    <property name="java.version" value="14.0.1"/>
    <property name="user.dir" value="/Users/aylinbekem/IdeaProjects/spring-2020-b18-cucumber-framework"/>
    <property name="os.arch" value="x86_64"/>
    <property name="java.vm.specification.name" value="Java Virtual Machine Specification"/>
    <property name="java.library.path" value="/Users/aylinbekem/Library/Java/Extensions:/Library/Java/Extensions:/Network/Library/Java/Extensions:/System/Library/Java/Extensions:/usr/lib/java:."/>
    <property name="java.vm.info" value="mixed mode, sharing"/>
    <property name="java.vendor" value="N/A"/>
    <property name="java.vm.version" value="14.0.1+14"/>
    <property name="sun.io.unicode.encoding" value="UnicodeBig"/>
    <property name="socksNonProxyHosts" value="local|*.local|169.254/16|*.169.254/16"/>
    <property name="java.class.version" value="58.0"/>
  </properties>
  <testcase name="Title verification" classname="Etsy search feature" time="151.482">
    <error message="Failed to instantiate class com.cybertek.step_definitions.EtsyStepDefinitions" type="io.cucumber.core.exception.CucumberException"><![CDATA[io.cucumber.core.exception.CucumberException: Failed to instantiate class com.cybertek.step_definitions.EtsyStepDefinitions
Caused by: java.lang.reflect.InvocationTargetException
Caused by: org.openqa.selenium.remote.UnreachableBrowserException: 
Could not start a new session. Possible causes are invalid address of the remote server or browser start-up failure.
Build info: version: '3.141.59', revision: 'e82be7d358', time: '2018-11-14T08:17:03'
System info: host: 'Aylins-MacBook-Pro.local', ip: 'fe80:0:0:0:11:e9b6:6069:e914%en0', os.name: 'Mac OS X', os.arch: 'x86_64', os.version: '10.15.6', java.version: '14.0.1'
Driver info: driver.version: Driver
Caused by: java.net.ConnectException: Failed to connect to /18.206.13.27:4444
Caused by: java.net.ConnectException: Operation timed out
]]></error>
    <system-out><![CDATA[-----> Before annotation: Setting up browser
===========> BEFORESTEP: TAKING SCREENSHOT <===========
===========> AFTERSTEP: TAKING SCREENSHOT <===========
]]></system-out>
    <rerunError message="Could not start a new session. Possible causes are invalid address of the remote server or browser start-up failure.&#10;Build info: version: &apos;3.141.59&apos;, revision: &apos;e82be7d358&apos;, time: &apos;2018-11-14T08:17:03&apos;&#10;System info: host: &apos;Aylins-MacBook-Pro.local&apos;, ip: &apos;fe80:0:0:0:11:e9b6:6069:e914%en0&apos;, os.name: &apos;Mac OS X&apos;, os.arch: &apos;x86_64&apos;, os.version: &apos;10.15.6&apos;, java.version: &apos;14.0.1&apos;&#10;Driver info: driver.version: Driver" type="org.openqa.selenium.remote.UnreachableBrowserException">
      <stackTrace><![CDATA[org.openqa.selenium.remote.UnreachableBrowserException: 
Could not start a new session. Possible causes are invalid address of the remote server or browser start-up failure.
Build info: version: '3.141.59', revision: 'e82be7d358', time: '2018-11-14T08:17:03'
System info: host: 'Aylins-MacBook-Pro.local', ip: 'fe80:0:0:0:11:e9b6:6069:e914%en0', os.name: 'Mac OS X', os.arch: 'x86_64', os.version: '10.15.6', java.version: '14.0.1'
Driver info: driver.version: Driver
Caused by: java.net.ConnectException: Failed to connect to /18.206.13.27:4444
Caused by: java.net.ConnectException: Operation timed out
]]></stackTrace>
    </rerunError>
    <rerunError message="Failed to instantiate class com.cybertek.step_definitions.EtsyStepDefinitions" type="io.cucumber.core.exception.CucumberException">
      <stackTrace><![CDATA[io.cucumber.core.exception.CucumberException: Failed to instantiate class com.cybertek.step_definitions.EtsyStepDefinitions
Caused by: java.lang.reflect.InvocationTargetException
Caused by: org.openqa.selenium.remote.UnreachableBrowserException: 
Could not start a new session. Possible causes are invalid address of the remote server or browser start-up failure.
Build info: version: '3.141.59', revision: 'e82be7d358', time: '2018-11-14T08:17:03'
System info: host: 'Aylins-MacBook-Pro.local', ip: 'fe80:0:0:0:11:e9b6:6069:e914%en0', os.name: 'Mac OS X', os.arch: 'x86_64', os.version: '10.15.6', java.version: '14.0.1'
Driver info: driver.version: Driver
Caused by: java.net.ConnectException: Failed to connect to /18.206.13.27:4444
Caused by: java.net.ConnectException: Operation timed out
]]></stackTrace>
      <system-out><![CDATA[-----> Before annotation: Setting up browser
===========> BEFORESTEP: TAKING SCREENSHOT <===========
===========> AFTERSTEP: TAKING SCREENSHOT <===========
]]></system-out>
    </rerunError>
    <rerunError message="Could not start a new session. Possible causes are invalid address of the remote server or browser start-up failure.&#10;Build info: version: &apos;3.141.59&apos;, revision: &apos;e82be7d358&apos;, time: &apos;2018-11-14T08:17:03&apos;&#10;System info: host: &apos;Aylins-MacBook-Pro.local&apos;, ip: &apos;fe80:0:0:0:11:e9b6:6069:e914%en0&apos;, os.name: &apos;Mac OS X&apos;, os.arch: &apos;x86_64&apos;, os.version: &apos;10.15.6&apos;, java.version: &apos;14.0.1&apos;&#10;Driver info: driver.version: Driver" type="org.openqa.selenium.remote.UnreachableBrowserException">
      <stackTrace><![CDATA[org.openqa.selenium.remote.UnreachableBrowserException: 
Could not start a new session. Possible causes are invalid address of the remote server or browser start-up failure.
Build info: version: '3.141.59', revision: 'e82be7d358', time: '2018-11-14T08:17:03'
System info: host: 'Aylins-MacBook-Pro.local', ip: 'fe80:0:0:0:11:e9b6:6069:e914%en0', os.name: 'Mac OS X', os.arch: 'x86_64', os.version: '10.15.6', java.version: '14.0.1'
Driver info: driver.version: Driver
Caused by: java.net.ConnectException: Failed to connect to /18.206.13.27:4444
Caused by: java.net.ConnectException: Operation timed out
]]></stackTrace>
    </rerunError>
  </testcase>
  <testcase name="Title verification after search term" classname="Etsy search feature" time="151.245">
    <error message="Failed to instantiate class com.cybertek.step_definitions.EtsyStepDefinitions" type="io.cucumber.core.exception.CucumberException"><![CDATA[io.cucumber.core.exception.CucumberException: Failed to instantiate class com.cybertek.step_definitions.EtsyStepDefinitions
Caused by: java.lang.reflect.InvocationTargetException
Caused by: org.openqa.selenium.remote.UnreachableBrowserException: 
Could not start a new session. Possible causes are invalid address of the remote server or browser start-up failure.
Build info: version: '3.141.59', revision: 'e82be7d358', time: '2018-11-14T08:17:03'
System info: host: 'Aylins-MacBook-Pro.local', ip: 'fe80:0:0:0:11:e9b6:6069:e914%en0', os.name: 'Mac OS X', os.arch: 'x86_64', os.version: '10.15.6', java.version: '14.0.1'
Driver info: driver.version: Driver
Caused by: java.net.ConnectException: Failed to connect to /18.206.13.27:4444
Caused by: java.net.ConnectException: Operation timed out
]]></error>
    <system-out><![CDATA[-----> Before annotation: Setting up browser
===========> BEFORESTEP: TAKING SCREENSHOT <===========
===========> AFTERSTEP: TAKING SCREENSHOT <===========
]]></system-out>
    <rerunError message="Could not start a new session. Possible causes are invalid address of the remote server or browser start-up failure.&#10;Build info: version: &apos;3.141.59&apos;, revision: &apos;e82be7d358&apos;, time: &apos;2018-11-14T08:17:03&apos;&#10;System info: host: &apos;Aylins-MacBook-Pro.local&apos;, ip: &apos;fe80:0:0:0:11:e9b6:6069:e914%en0&apos;, os.name: &apos;Mac OS X&apos;, os.arch: &apos;x86_64&apos;, os.version: &apos;10.15.6&apos;, java.version: &apos;14.0.1&apos;&#10;Driver info: driver.version: Driver" type="org.openqa.selenium.remote.UnreachableBrowserException">
      <stackTrace><![CDATA[org.openqa.selenium.remote.UnreachableBrowserException: 
Could not start a new session. Possible causes are invalid address of the remote server or browser start-up failure.
Build info: version: '3.141.59', revision: 'e82be7d358', time: '2018-11-14T08:17:03'
System info: host: 'Aylins-MacBook-Pro.local', ip: 'fe80:0:0:0:11:e9b6:6069:e914%en0', os.name: 'Mac OS X', os.arch: 'x86_64', os.version: '10.15.6', java.version: '14.0.1'
Driver info: driver.version: Driver
Caused by: java.net.ConnectException: Failed to connect to /18.206.13.27:4444
Caused by: java.net.ConnectException: Operation timed out
]]></stackTrace>
    </rerunError>
    <rerunError message="Failed to instantiate class com.cybertek.step_definitions.EtsyStepDefinitions" type="io.cucumber.core.exception.CucumberException">
      <stackTrace><![CDATA[io.cucumber.core.exception.CucumberException: Failed to instantiate class com.cybertek.step_definitions.EtsyStepDefinitions
Caused by: java.lang.reflect.InvocationTargetException
Caused by: org.openqa.selenium.remote.UnreachableBrowserException: 
Could not start a new session. Possible causes are invalid address of the remote server or browser start-up failure.
Build info: version: '3.141.59', revision: 'e82be7d358', time: '2018-11-14T08:17:03'
System info: host: 'Aylins-MacBook-Pro.local', ip: 'fe80:0:0:0:11:e9b6:6069:e914%en0', os.name: 'Mac OS X', os.arch: 'x86_64', os.version: '10.15.6', java.version: '14.0.1'
Driver info: driver.version: Driver
Caused by: java.net.ConnectException: Failed to connect to /18.206.13.27:4444
Caused by: java.net.ConnectException: Operation timed out
]]></stackTrace>
      <system-out><![CDATA[-----> Before annotation: Setting up browser
===========> BEFORESTEP: TAKING SCREENSHOT <===========
===========> AFTERSTEP: TAKING SCREENSHOT <===========
]]></system-out>
    </rerunError>
    <rerunError message="Could not start a new session. Possible causes are invalid address of the remote server or browser start-up failure.&#10;Build info: version: &apos;3.141.59&apos;, revision: &apos;e82be7d358&apos;, time: &apos;2018-11-14T08:17:03&apos;&#10;System info: host: &apos;Aylins-MacBook-Pro.local&apos;, ip: &apos;fe80:0:0:0:11:e9b6:6069:e914%en0&apos;, os.name: &apos;Mac OS X&apos;, os.arch: &apos;x86_64&apos;, os.version: &apos;10.15.6&apos;, java.version: &apos;14.0.1&apos;&#10;Driver info: driver.version: Driver" type="org.openqa.selenium.remote.UnreachableBrowserException">
      <stackTrace><![CDATA[org.openqa.selenium.remote.UnreachableBrowserException: 
Could not start a new session. Possible causes are invalid address of the remote server or browser start-up failure.
Build info: version: '3.141.59', revision: 'e82be7d358', time: '2018-11-14T08:17:03'
System info: host: 'Aylins-MacBook-Pro.local', ip: 'fe80:0:0:0:11:e9b6:6069:e914%en0', os.name: 'Mac OS X', os.arch: 'x86_64', os.version: '10.15.6', java.version: '14.0.1'
Driver info: driver.version: Driver
Caused by: java.net.ConnectException: Failed to connect to /18.206.13.27:4444
Caused by: java.net.ConnectException: Operation timed out
]]></stackTrace>
    </rerunError>
  </testcase>
</testsuite>